<?xml version="1.0" encoding="UTF-8"?>
<!-- Generated by org.testng.reporters.JUnitXMLReporter -->
<testsuite ignored="0" hostname="abhishek" failures="1" tests="3" name="UsedCarsTest" time="62.6" errors="0" timestamp="2021-06-07T09:16:07 IST">
  <testcase classname="com.bikes.testCases.UsedCarsTest" name="selectChennai" time="62.494">
    <failure type="java.lang.AssertionError" message="null">
      <![CDATA[java.lang.AssertionError: null
at com.bikes.baseClass.TestBase.reportFail(TestBase.java:202)
at com.bikes.pages.HondaDetailsPages.selectChennai(HondaDetailsPages.java:115)
at com.bikes.testCases.UsedCarsTest.selectChennai(UsedCarsTest.java:30)
at java.base/java.util.ArrayList.forEach(ArrayList.java:1511)
... Removed 29 stack frames]]>
    </failure>
  </testcase> <!-- selectChennai -->
  <testcase classname="com.bikes.testCases.UsedCarsTest" name="getPopularModels" time="0.0">
    <skipped/>
  </testcase> <!-- getPopularModels -->
  <testcase classname="com.bikes.testCases.UsedCarsTest" name="verifyChennai" time="0.0">
    <skipped/>
  </testcase> <!-- verifyChennai -->
</testsuite> <!-- UsedCarsTest -->
