<?xml version="1.0" encoding="UTF-8"?>
<!-- Generated by org.testng.reporters.JUnitXMLReporter -->
<testsuite ignored="1" hostname="abhishek" failures="6" tests="10" name="Test" time="11.63" errors="0" timestamp="2021-06-06T21:40:50 IST">
  <testcase classname="com.bikes.testCases.BikeDetailsTest" name="@AfterClass quitBrowser" time="0.403">
    <failure type="java.lang.NullPointerException" message="Cannot invoke &amp;quot;org.openqa.selenium.WebDriver.quit()&amp;quot; because &amp;quot;com.bikes.testCases.BikeDetailsTest.driver&amp;quot; is null">
      <![CDATA[java.lang.NullPointerException: Cannot invoke "org.openqa.selenium.WebDriver.quit()" because "com.bikes.testCases.BikeDetailsTest.driver" is null
at com.bikes.testCases.BikeDetailsTest.quitBrowser(BikeDetailsTest.java:98)
at java.base/java.util.ArrayList.forEach(ArrayList.java:1511)
... Removed 25 stack frames]]>
    </failure>
  </testcase> <!-- @AfterClass quitBrowser -->
  <testcase classname="com.bikes.testCases.UsedCarsTest" name="@AfterClass browserQuit" time="0.085">
    <failure type="java.lang.NullPointerException" message="Cannot invoke &amp;quot;org.openqa.selenium.WebDriver.quit()&amp;quot; because &amp;quot;com.bikes.testCases.UsedCarsTest.driver&amp;quot; is null">
      <![CDATA[java.lang.NullPointerException: Cannot invoke "org.openqa.selenium.WebDriver.quit()" because "com.bikes.testCases.UsedCarsTest.driver" is null
at com.bikes.testCases.UsedCarsTest.browserQuit(UsedCarsTest.java:62)
at java.base/java.util.ArrayList.forEach(ArrayList.java:1511)
... Removed 25 stack frames]]>
    </failure>
  </testcase> <!-- @AfterClass browserQuit -->
  <testcase classname="com.bikes.testCases.BikeDetailsTest" name="invokedriver" time="3.181">
    <failure type="org.openqa.selenium.SessionNotCreatedException" message="session not created: This version of ChromeDriver only supports Chrome version 89
Current browser version is 91.0.4472.77 with binary path C:\Program Files\Google\Chrome\Application\chrome.exe
Build info: version: &amp;apos;3.141.59&amp;apos;, revision: &amp;apos;e82be7d358&amp;apos;, time: &amp;apos;2018-11-14T08:17:03&amp;apos;
System info: host: &amp;apos;ABHISHEK&amp;apos;, ip: &amp;apos;192.168.1.100&amp;apos;, os.name: &amp;apos;Windows 10&amp;apos;, os.arch: &amp;apos;amd64&amp;apos;, os.version: &amp;apos;10.0&amp;apos;, java.version: &amp;apos;15.0.2&amp;apos;
Driver info: driver.version: ChromeDriver
remote stacktrace: Backtrace:
	Ordinal0 [0x0097E7D3+124883]
	Ordinal0 [0x0097E7B1+124849]
	GetHandleVerifier [0x00BC8688+193832]
	GetHandleVerifier [0x00BE3AC5+305509]
	GetHandleVerifier [0x00BE021B+291003]
	GetHandleVerifier [0x00BDE0AC+282444]
	GetHandleVerifier [0x00C04A90+440624]
	GetHandleVerifier [0x00C047FC+439964]
	GetHandleVerifier [0x00C0154B+426987]
	GetHandleVerifier [0x00BE4FFD+310941]
	GetHandleVerifier [0x00BE5D8E+314414]
	GetHandleVerifier [0x00BE5D19+314297]
	GetHandleVerifier [0x00CA31EC+1089676]
	GetHandleVerifier [0x00CA17C9+1082985]
	GetHandleVerifier [0x00CA13A3+1081923]
	GetHandleVerifier [0x00D9D9FD+2115741]
	Ordinal0 [0x00ACB82E+1488942]
	Ordinal0 [0x00A65A7D+1071741]
	Ordinal0 [0x00A6559B+1070491]
	Ordinal0 [0x00A654B1+1070257]
	Ordinal0 [0x00A9FF53+1310547]
	BaseThreadInitThunk [0x75AAFA29+25]
	RtlGetAppContainerNamedObjectPath [0x77457A4E+286]
	RtlGetAppContainerNamedObjectPath [0x77457A1E+238]
">
      <![CDATA[org.openqa.selenium.SessionNotCreatedException: session not created: This version of ChromeDriver only supports Chrome version 89
Current browser version is 91.0.4472.77 with binary path C:\Program Files\Google\Chrome\Application\chrome.exe
Build info: version: '3.141.59', revision: 'e82be7d358', time: '2018-11-14T08:17:03'
System info: host: 'ABHISHEK', ip: '192.168.1.100', os.name: 'Windows 10', os.arch: 'amd64', os.version: '10.0', java.version: '15.0.2'
Driver info: driver.version: ChromeDriver
remote stacktrace: Backtrace:
Ordinal0 [0x0097E7D3+124883]
Ordinal0 [0x0097E7B1+124849]
GetHandleVerifier [0x00BC8688+193832]
GetHandleVerifier [0x00BE3AC5+305509]
GetHandleVerifier [0x00BE021B+291003]
GetHandleVerifier [0x00BDE0AC+282444]
GetHandleVerifier [0x00C04A90+440624]
GetHandleVerifier [0x00C047FC+439964]
GetHandleVerifier [0x00C0154B+426987]
GetHandleVerifier [0x00BE4FFD+310941]
GetHandleVerifier [0x00BE5D8E+314414]
GetHandleVerifier [0x00BE5D19+314297]
GetHandleVerifier [0x00CA31EC+1089676]
GetHandleVerifier [0x00CA17C9+1082985]
GetHandleVerifier [0x00CA13A3+1081923]
GetHandleVerifier [0x00D9D9FD+2115741]
Ordinal0 [0x00ACB82E+1488942]
Ordinal0 [0x00A65A7D+1071741]
Ordinal0 [0x00A6559B+1070491]
Ordinal0 [0x00A654B1+1070257]
Ordinal0 [0x00A9FF53+1310547]
BaseThreadInitThunk [0x75AAFA29+25]
RtlGetAppContainerNamedObjectPath [0x77457A4E+286]
RtlGetAppContainerNamedObjectPath [0x77457A1E+238]

at org.openqa.selenium.remote.W3CHandshakeResponse.lambda$errorHandler$0(W3CHandshakeResponse.java:62)
at org.openqa.selenium.remote.HandshakeResponse.lambda$getResponseFunction$0(HandshakeResponse.java:30)
at org.openqa.selenium.remote.ProtocolHandshake.lambda$createSession$0(ProtocolHandshake.java:126)
at java.base/java.util.stream.ReferencePipeline$3$1.accept(ReferencePipeline.java:195)
at java.base/java.util.Spliterators$ArraySpliterator.tryAdvance(Spliterators.java:958)
at java.base/java.util.stream.ReferencePipeline.forEachWithCancel(ReferencePipeline.java:127)
at java.base/java.util.stream.AbstractPipeline.copyIntoWithCancel(AbstractPipeline.java:502)
at java.base/java.util.stream.AbstractPipeline.copyInto(AbstractPipeline.java:488)
at java.base/java.util.stream.AbstractPipeline.wrapAndCopyInto(AbstractPipeline.java:474)
at java.base/java.util.stream.FindOps$FindOp.evaluateSequential(FindOps.java:150)
at java.base/java.util.stream.AbstractPipeline.evaluate(AbstractPipeline.java:234)
at java.base/java.util.stream.ReferencePipeline.findFirst(ReferencePipeline.java:543)
at org.openqa.selenium.remote.ProtocolHandshake.createSession(ProtocolHandshake.java:128)
at org.openqa.selenium.remote.ProtocolHandshake.createSession(ProtocolHandshake.java:74)
at org.openqa.selenium.remote.HttpCommandExecutor.execute(HttpCommandExecutor.java:136)
at org.openqa.selenium.remote.service.DriverCommandExecutor.execute(DriverCommandExecutor.java:83)
at org.openqa.selenium.remote.RemoteWebDriver.execute(RemoteWebDriver.java:552)
at org.openqa.selenium.remote.RemoteWebDriver.startSession(RemoteWebDriver.java:213)
at org.openqa.selenium.remote.RemoteWebDriver.<init>(RemoteWebDriver.java:131)
at org.openqa.selenium.chrome.ChromeDriver.<init>(ChromeDriver.java:181)
at org.openqa.selenium.chrome.ChromeDriver.<init>(ChromeDriver.java:168)
at org.openqa.selenium.chrome.ChromeDriver.<init>(ChromeDriver.java:157)
at com.bikes.baseClass.TestBase.setupDriver(TestBase.java:83)
at com.bikes.testCases.BikeDetailsTest.invokedriver(BikeDetailsTest.java:31)
at java.base/java.util.ArrayList.forEach(ArrayList.java:1511)
... Removed 32 stack frames]]>
    </failure>
  </testcase> <!-- invokedriver -->
  <testcase classname="com.bikes.testCases.BikeDetailsTest" name="clickUpComingBikes" time="0.034">
    <failure type="java.lang.NullPointerException" message="Cannot invoke &amp;quot;org.openqa.selenium.TakesScreenshot.getScreenshotAs(org.openqa.selenium.OutputType)&amp;quot; because &amp;quot;takeScreenshot&amp;quot; is null">
      <![CDATA[java.lang.NullPointerException: Cannot invoke "org.openqa.selenium.TakesScreenshot.getScreenshotAs(org.openqa.selenium.OutputType)" because "takeScreenshot" is null
at com.bikes.baseClass.TestBase.takeScreenShots(TestBase.java:214)
at com.bikes.baseClass.TestBase.reportFail(TestBase.java:200)
at com.bikes.pages.LaunchPage.clickUpcomingBikes(LaunchPage.java:46)
at com.bikes.testCases.BikeDetailsTest.clickUpComingBikes(BikeDetailsTest.java:43)
at java.base/java.util.ArrayList.forEach(ArrayList.java:1511)
... Removed 27 stack frames]]>
    </failure>
  </testcase> <!-- clickUpComingBikes -->
  <testcase classname="com.bikes.testCases.BikeDetailsTest" name="selectHondaBikes" time="0.004">
    <failure type="java.lang.NullPointerException" message="Cannot invoke &amp;quot;org.openqa.selenium.WebDriver.findElement(org.openqa.selenium.By)&amp;quot; because &amp;quot;com.bikes.pages.SelectManufacturerPage.driver&amp;quot; is null">
      <![CDATA[java.lang.NullPointerException: Cannot invoke "org.openqa.selenium.WebDriver.findElement(org.openqa.selenium.By)" because "com.bikes.pages.SelectManufacturerPage.driver" is null
at com.bikes.pages.SelectManufacturerPage.selectHonda(SelectManufacturerPage.java:20)
at com.bikes.testCases.BikeDetailsTest.selectHondaBikes(BikeDetailsTest.java:55)
at java.base/java.util.ArrayList.forEach(ArrayList.java:1511)
... Removed 27 stack frames]]>
    </failure>
  </testcase> <!-- selectHondaBikes -->
  <testcase classname="com.bikes.testCases.BikeDetailsTest" name="clickViewMore" time="3.014">
    <failure type="java.lang.NullPointerException" message="Cannot invoke &amp;quot;org.openqa.selenium.WebDriver.findElement(org.openqa.selenium.By)&amp;quot; because &amp;quot;com.bikes.pages.HondaDetailsPages.driver&amp;quot; is null">
      <![CDATA[java.lang.NullPointerException: Cannot invoke "org.openqa.selenium.WebDriver.findElement(org.openqa.selenium.By)" because "com.bikes.pages.HondaDetailsPages.driver" is null
at com.bikes.pages.HondaDetailsPages.clickViewMore(HondaDetailsPages.java:41)
at com.bikes.testCases.BikeDetailsTest.clickViewMore(BikeDetailsTest.java:67)
at java.base/java.util.ArrayList.forEach(ArrayList.java:1511)
... Removed 27 stack frames]]>
    </failure>
  </testcase> <!-- clickViewMore -->
  <testcase classname="com.bikes.testCases.BikeDetailsTest" name="displayUpcomingBikes" time="0.0">
    <skipped/>
  </testcase> <!-- displayUpcomingBikes -->
  <testcase classname="com.bikes.testCases.BikeDetailsTest" name="verifyHondaPage" time="0.0">
    <skipped/>
  </testcase> <!-- verifyHondaPage -->
  <testcase classname="com.bikes.testCases.UsedCarsTest" name="selectChennai" time="2.546">
    <failure type="org.openqa.selenium.SessionNotCreatedException" message="session not created: This version of ChromeDriver only supports Chrome version 89
Current browser version is 91.0.4472.77 with binary path C:\Program Files\Google\Chrome\Application\chrome.exe
Build info: version: &amp;apos;3.141.59&amp;apos;, revision: &amp;apos;e82be7d358&amp;apos;, time: &amp;apos;2018-11-14T08:17:03&amp;apos;
System info: host: &amp;apos;ABHISHEK&amp;apos;, ip: &amp;apos;192.168.1.100&amp;apos;, os.name: &amp;apos;Windows 10&amp;apos;, os.arch: &amp;apos;amd64&amp;apos;, os.version: &amp;apos;10.0&amp;apos;, java.version: &amp;apos;15.0.2&amp;apos;
Driver info: driver.version: ChromeDriver
remote stacktrace: Backtrace:
	Ordinal0 [0x0097E7D3+124883]
	Ordinal0 [0x0097E7B1+124849]
	GetHandleVerifier [0x00BC8688+193832]
	GetHandleVerifier [0x00BE3AC5+305509]
	GetHandleVerifier [0x00BE021B+291003]
	GetHandleVerifier [0x00BDE0AC+282444]
	GetHandleVerifier [0x00C04A90+440624]
	GetHandleVerifier [0x00C047FC+439964]
	GetHandleVerifier [0x00C0154B+426987]
	GetHandleVerifier [0x00BE4FFD+310941]
	GetHandleVerifier [0x00BE5D8E+314414]
	GetHandleVerifier [0x00BE5D19+314297]
	GetHandleVerifier [0x00CA31EC+1089676]
	GetHandleVerifier [0x00CA17C9+1082985]
	GetHandleVerifier [0x00CA13A3+1081923]
	GetHandleVerifier [0x00D9D9FD+2115741]
	Ordinal0 [0x00ACB82E+1488942]
	Ordinal0 [0x00A65A7D+1071741]
	Ordinal0 [0x00A6559B+1070491]
	Ordinal0 [0x00A654B1+1070257]
	Ordinal0 [0x00A9FF53+1310547]
	BaseThreadInitThunk [0x75AAFA29+25]
	RtlGetAppContainerNamedObjectPath [0x77457A4E+286]
	RtlGetAppContainerNamedObjectPath [0x77457A1E+238]
">
      <![CDATA[org.openqa.selenium.SessionNotCreatedException: session not created: This version of ChromeDriver only supports Chrome version 89
Current browser version is 91.0.4472.77 with binary path C:\Program Files\Google\Chrome\Application\chrome.exe
Build info: version: '3.141.59', revision: 'e82be7d358', time: '2018-11-14T08:17:03'
System info: host: 'ABHISHEK', ip: '192.168.1.100', os.name: 'Windows 10', os.arch: 'amd64', os.version: '10.0', java.version: '15.0.2'
Driver info: driver.version: ChromeDriver
remote stacktrace: Backtrace:
Ordinal0 [0x0097E7D3+124883]
Ordinal0 [0x0097E7B1+124849]
GetHandleVerifier [0x00BC8688+193832]
GetHandleVerifier [0x00BE3AC5+305509]
GetHandleVerifier [0x00BE021B+291003]
GetHandleVerifier [0x00BDE0AC+282444]
GetHandleVerifier [0x00C04A90+440624]
GetHandleVerifier [0x00C047FC+439964]
GetHandleVerifier [0x00C0154B+426987]
GetHandleVerifier [0x00BE4FFD+310941]
GetHandleVerifier [0x00BE5D8E+314414]
GetHandleVerifier [0x00BE5D19+314297]
GetHandleVerifier [0x00CA31EC+1089676]
GetHandleVerifier [0x00CA17C9+1082985]
GetHandleVerifier [0x00CA13A3+1081923]
GetHandleVerifier [0x00D9D9FD+2115741]
Ordinal0 [0x00ACB82E+1488942]
Ordinal0 [0x00A65A7D+1071741]
Ordinal0 [0x00A6559B+1070491]
Ordinal0 [0x00A654B1+1070257]
Ordinal0 [0x00A9FF53+1310547]
BaseThreadInitThunk [0x75AAFA29+25]
RtlGetAppContainerNamedObjectPath [0x77457A4E+286]
RtlGetAppContainerNamedObjectPath [0x77457A1E+238]

at org.openqa.selenium.remote.W3CHandshakeResponse.lambda$errorHandler$0(W3CHandshakeResponse.java:62)
at org.openqa.selenium.remote.HandshakeResponse.lambda$getResponseFunction$0(HandshakeResponse.java:30)
at org.openqa.selenium.remote.ProtocolHandshake.lambda$createSession$0(ProtocolHandshake.java:126)
at java.base/java.util.stream.ReferencePipeline$3$1.accept(ReferencePipeline.java:195)
at java.base/java.util.Spliterators$ArraySpliterator.tryAdvance(Spliterators.java:958)
at java.base/java.util.stream.ReferencePipeline.forEachWithCancel(ReferencePipeline.java:127)
at java.base/java.util.stream.AbstractPipeline.copyIntoWithCancel(AbstractPipeline.java:502)
at java.base/java.util.stream.AbstractPipeline.copyInto(AbstractPipeline.java:488)
at java.base/java.util.stream.AbstractPipeline.wrapAndCopyInto(AbstractPipeline.java:474)
at java.base/java.util.stream.FindOps$FindOp.evaluateSequential(FindOps.java:150)
at java.base/java.util.stream.AbstractPipeline.evaluate(AbstractPipeline.java:234)
at java.base/java.util.stream.ReferencePipeline.findFirst(ReferencePipeline.java:543)
at org.openqa.selenium.remote.ProtocolHandshake.createSession(ProtocolHandshake.java:128)
at org.openqa.selenium.remote.ProtocolHandshake.createSession(ProtocolHandshake.java:74)
at org.openqa.selenium.remote.HttpCommandExecutor.execute(HttpCommandExecutor.java:136)
at org.openqa.selenium.remote.service.DriverCommandExecutor.execute(DriverCommandExecutor.java:83)
at org.openqa.selenium.remote.RemoteWebDriver.execute(RemoteWebDriver.java:552)
at org.openqa.selenium.remote.RemoteWebDriver.startSession(RemoteWebDriver.java:213)
at org.openqa.selenium.remote.RemoteWebDriver.<init>(RemoteWebDriver.java:131)
at org.openqa.selenium.chrome.ChromeDriver.<init>(ChromeDriver.java:181)
at org.openqa.selenium.chrome.ChromeDriver.<init>(ChromeDriver.java:168)
at org.openqa.selenium.chrome.ChromeDriver.<init>(ChromeDriver.java:157)
at com.bikes.baseClass.TestBase.setupDriver(TestBase.java:83)
at com.bikes.testCases.UsedCarsTest.selectChennai(UsedCarsTest.java:28)
at java.base/java.util.ArrayList.forEach(ArrayList.java:1511)
... Removed 32 stack frames]]>
    </failure>
  </testcase> <!-- selectChennai -->
  <testcase classname="com.bikes.testCases.UsedCarsTest" name="getPopularModels" time="0.0">
    <skipped/>
  </testcase> <!-- getPopularModels -->
  <testcase classname="com.bikes.testCases.UsedCarsTest" name="verifyChennai" time="0.0">
    <skipped/>
  </testcase> <!-- verifyChennai -->
  <testcase classname="com.bikes.testCases.LoginTest" name="clickLogin2" time="2.213">
    <failure type="org.openqa.selenium.SessionNotCreatedException" message="session not created: This version of ChromeDriver only supports Chrome version 89
Current browser version is 91.0.4472.77 with binary path C:\Program Files\Google\Chrome\Application\chrome.exe
Build info: version: &amp;apos;3.141.59&amp;apos;, revision: &amp;apos;e82be7d358&amp;apos;, time: &amp;apos;2018-11-14T08:17:03&amp;apos;
System info: host: &amp;apos;ABHISHEK&amp;apos;, ip: &amp;apos;192.168.1.100&amp;apos;, os.name: &amp;apos;Windows 10&amp;apos;, os.arch: &amp;apos;amd64&amp;apos;, os.version: &amp;apos;10.0&amp;apos;, java.version: &amp;apos;15.0.2&amp;apos;
Driver info: driver.version: ChromeDriver
remote stacktrace: Backtrace:
	Ordinal0 [0x0097E7D3+124883]
	Ordinal0 [0x0097E7B1+124849]
	GetHandleVerifier [0x00BC8688+193832]
	GetHandleVerifier [0x00BE3AC5+305509]
	GetHandleVerifier [0x00BE021B+291003]
	GetHandleVerifier [0x00BDE0AC+282444]
	GetHandleVerifier [0x00C04A90+440624]
	GetHandleVerifier [0x00C047FC+439964]
	GetHandleVerifier [0x00C0154B+426987]
	GetHandleVerifier [0x00BE4FFD+310941]
	GetHandleVerifier [0x00BE5D8E+314414]
	GetHandleVerifier [0x00BE5D19+314297]
	GetHandleVerifier [0x00CA31EC+1089676]
	GetHandleVerifier [0x00CA17C9+1082985]
	GetHandleVerifier [0x00CA13A3+1081923]
	GetHandleVerifier [0x00D9D9FD+2115741]
	Ordinal0 [0x00ACB82E+1488942]
	Ordinal0 [0x00A65A7D+1071741]
	Ordinal0 [0x00A6559B+1070491]
	Ordinal0 [0x00A654B1+1070257]
	Ordinal0 [0x00A9FF53+1310547]
	BaseThreadInitThunk [0x75AAFA29+25]
	RtlGetAppContainerNamedObjectPath [0x77457A4E+286]
	RtlGetAppContainerNamedObjectPath [0x77457A1E+238]
">
      <![CDATA[org.openqa.selenium.SessionNotCreatedException: session not created: This version of ChromeDriver only supports Chrome version 89
Current browser version is 91.0.4472.77 with binary path C:\Program Files\Google\Chrome\Application\chrome.exe
Build info: version: '3.141.59', revision: 'e82be7d358', time: '2018-11-14T08:17:03'
System info: host: 'ABHISHEK', ip: '192.168.1.100', os.name: 'Windows 10', os.arch: 'amd64', os.version: '10.0', java.version: '15.0.2'
Driver info: driver.version: ChromeDriver
remote stacktrace: Backtrace:
Ordinal0 [0x0097E7D3+124883]
Ordinal0 [0x0097E7B1+124849]
GetHandleVerifier [0x00BC8688+193832]
GetHandleVerifier [0x00BE3AC5+305509]
GetHandleVerifier [0x00BE021B+291003]
GetHandleVerifier [0x00BDE0AC+282444]
GetHandleVerifier [0x00C04A90+440624]
GetHandleVerifier [0x00C047FC+439964]
GetHandleVerifier [0x00C0154B+426987]
GetHandleVerifier [0x00BE4FFD+310941]
GetHandleVerifier [0x00BE5D8E+314414]
GetHandleVerifier [0x00BE5D19+314297]
GetHandleVerifier [0x00CA31EC+1089676]
GetHandleVerifier [0x00CA17C9+1082985]
GetHandleVerifier [0x00CA13A3+1081923]
GetHandleVerifier [0x00D9D9FD+2115741]
Ordinal0 [0x00ACB82E+1488942]
Ordinal0 [0x00A65A7D+1071741]
Ordinal0 [0x00A6559B+1070491]
Ordinal0 [0x00A654B1+1070257]
Ordinal0 [0x00A9FF53+1310547]
BaseThreadInitThunk [0x75AAFA29+25]
RtlGetAppContainerNamedObjectPath [0x77457A4E+286]
RtlGetAppContainerNamedObjectPath [0x77457A1E+238]

at org.openqa.selenium.remote.W3CHandshakeResponse.lambda$errorHandler$0(W3CHandshakeResponse.java:62)
at org.openqa.selenium.remote.HandshakeResponse.lambda$getResponseFunction$0(HandshakeResponse.java:30)
at org.openqa.selenium.remote.ProtocolHandshake.lambda$createSession$0(ProtocolHandshake.java:126)
at java.base/java.util.stream.ReferencePipeline$3$1.accept(ReferencePipeline.java:195)
at java.base/java.util.Spliterators$ArraySpliterator.tryAdvance(Spliterators.java:958)
at java.base/java.util.stream.ReferencePipeline.forEachWithCancel(ReferencePipeline.java:127)
at java.base/java.util.stream.AbstractPipeline.copyIntoWithCancel(AbstractPipeline.java:502)
at java.base/java.util.stream.AbstractPipeline.copyInto(AbstractPipeline.java:488)
at java.base/java.util.stream.AbstractPipeline.wrapAndCopyInto(AbstractPipeline.java:474)
at java.base/java.util.stream.FindOps$FindOp.evaluateSequential(FindOps.java:150)
at java.base/java.util.stream.AbstractPipeline.evaluate(AbstractPipeline.java:234)
at java.base/java.util.stream.ReferencePipeline.findFirst(ReferencePipeline.java:543)
at org.openqa.selenium.remote.ProtocolHandshake.createSession(ProtocolHandshake.java:128)
at org.openqa.selenium.remote.ProtocolHandshake.createSession(ProtocolHandshake.java:74)
at org.openqa.selenium.remote.HttpCommandExecutor.execute(HttpCommandExecutor.java:136)
at org.openqa.selenium.remote.service.DriverCommandExecutor.execute(DriverCommandExecutor.java:83)
at org.openqa.selenium.remote.RemoteWebDriver.execute(RemoteWebDriver.java:552)
at org.openqa.selenium.remote.RemoteWebDriver.startSession(RemoteWebDriver.java:213)
at org.openqa.selenium.remote.RemoteWebDriver.<init>(RemoteWebDriver.java:131)
at org.openqa.selenium.chrome.ChromeDriver.<init>(ChromeDriver.java:181)
at org.openqa.selenium.chrome.ChromeDriver.<init>(ChromeDriver.java:168)
at org.openqa.selenium.chrome.ChromeDriver.<init>(ChromeDriver.java:157)
at com.bikes.baseClass.TestBase.setupDriver(TestBase.java:83)
at com.bikes.testCases.LoginTest.clickLogin2(LoginTest.java:47)
at java.base/java.util.ArrayList.forEach(ArrayList.java:1511)
... Removed 32 stack frames]]>
    </failure>
  </testcase> <!-- clickLogin2 -->
  <testcase classname="com.bikes.testCases.LoginTest" name="clickLogin1" time="0.0">
    <ignored/>
  </testcase> <!-- clickLogin1 -->
</testsuite> <!-- Test -->
