<?xml version="1.0" encoding="UTF-8"?>
<testng-results ignored="1" total="11" passed="7" failed="1" skipped="2">
  <reporter-output>
  </reporter-output>
  <suite started-at="2021-06-07T09:12:44 IST" name="ZigWheelsTestSuite" finished-at="2021-06-07T09:16:07 IST" duration-ms="202157">
    <groups>
      <group name="Regression Test">
        <method signature="BikeDetailsTest.verifyHondaPage()[pri:0, instance:com.bikes.testCases.BikeDetailsTest@11c9af63]" name="verifyHondaPage" class="com.bikes.testCases.BikeDetailsTest"/>
        <method signature="UsedCarsTest.verifyChennai()[pri:0, instance:com.bikes.testCases.UsedCarsTest@306f16f3]" name="verifyChennai" class="com.bikes.testCases.UsedCarsTest"/>
      </group> <!-- Regression Test -->
      <group name="Smoke Test">
        <method signature="BikeDetailsTest.clickUpComingBikes()[pri:1, instance:com.bikes.testCases.BikeDetailsTest@11c9af63]" name="clickUpComingBikes" class="com.bikes.testCases.BikeDetailsTest"/>
        <method signature="BikeDetailsTest.clickViewMore()[pri:3, instance:com.bikes.testCases.BikeDetailsTest@11c9af63]" name="clickViewMore" class="com.bikes.testCases.BikeDetailsTest"/>
        <method signature="BikeDetailsTest.displayUpcomingBikes()[pri:0, instance:com.bikes.testCases.BikeDetailsTest@11c9af63]" name="displayUpcomingBikes" class="com.bikes.testCases.BikeDetailsTest"/>
        <method signature="BikeDetailsTest.invokedriver()[pri:0, instance:com.bikes.testCases.BikeDetailsTest@11c9af63]" name="invokedriver" class="com.bikes.testCases.BikeDetailsTest"/>
        <method signature="BikeDetailsTest.selectHondaBikes()[pri:2, instance:com.bikes.testCases.BikeDetailsTest@11c9af63]" name="selectHondaBikes" class="com.bikes.testCases.BikeDetailsTest"/>
        <method signature="LoginTest.clickLogin2()[pri:1, instance:com.bikes.testCases.LoginTest@5ace1ed4]" name="clickLogin2" class="com.bikes.testCases.LoginTest"/>
        <method signature="UsedCarsTest.selectChennai()[pri:6, instance:com.bikes.testCases.UsedCarsTest@306f16f3]" name="selectChennai" class="com.bikes.testCases.UsedCarsTest"/>
        <method signature="UsedCarsTest.getPopularModels()[pri:0, instance:com.bikes.testCases.UsedCarsTest@306f16f3]" name="getPopularModels" class="com.bikes.testCases.UsedCarsTest"/>
      </group> <!-- Smoke Test -->
    </groups>
    <test started-at="2021-06-07T09:12:44 IST" name="BikeDetailsTest" finished-at="2021-06-07T09:13:49 IST" duration-ms="64804">
      <class name="com.bikes.testCases.BikeDetailsTest">
        <test-method signature="invokedriver()[pri:0, instance:com.bikes.testCases.BikeDetailsTest@11c9af63]" started-at="2021-06-07T09:12:44 IST" name="invokedriver" finished-at="2021-06-07T09:13:31 IST" duration-ms="46822" status="PASS">
          <reporter-output>
          </reporter-output>
        </test-method> <!-- invokedriver -->
        <test-method signature="clickUpComingBikes()[pri:1, instance:com.bikes.testCases.BikeDetailsTest@11c9af63]" started-at="2021-06-07T09:13:31 IST" name="clickUpComingBikes" finished-at="2021-06-07T09:13:40 IST" duration-ms="8649" status="PASS">
          <reporter-output>
          </reporter-output>
        </test-method> <!-- clickUpComingBikes -->
        <test-method signature="selectHondaBikes()[pri:2, instance:com.bikes.testCases.BikeDetailsTest@11c9af63]" started-at="2021-06-07T09:13:40 IST" name="selectHondaBikes" finished-at="2021-06-07T09:13:44 IST" duration-ms="4223" status="PASS">
          <reporter-output>
          </reporter-output>
        </test-method> <!-- selectHondaBikes -->
        <test-method signature="clickViewMore()[pri:3, instance:com.bikes.testCases.BikeDetailsTest@11c9af63]" started-at="2021-06-07T09:13:44 IST" name="clickViewMore" finished-at="2021-06-07T09:13:47 IST" duration-ms="3140" status="PASS">
          <reporter-output>
          </reporter-output>
        </test-method> <!-- clickViewMore -->
        <test-method signature="displayUpcomingBikes()[pri:0, instance:com.bikes.testCases.BikeDetailsTest@11c9af63]" started-at="2021-06-07T09:13:47 IST" name="displayUpcomingBikes" finished-at="2021-06-07T09:13:49 IST" depends-on-methods="com.bikes.testCases.BikeDetailsTest.clickViewMore" duration-ms="1540" status="PASS">
          <reporter-output>
          </reporter-output>
        </test-method> <!-- displayUpcomingBikes -->
        <test-method signature="verifyHondaPage()[pri:0, instance:com.bikes.testCases.BikeDetailsTest@11c9af63]" started-at="2021-06-07T09:13:49 IST" name="verifyHondaPage" finished-at="2021-06-07T09:13:49 IST" depends-on-methods="com.bikes.testCases.BikeDetailsTest.displayUpcomingBikes" duration-ms="14" status="PASS">
          <reporter-output>
          </reporter-output>
        </test-method> <!-- verifyHondaPage -->
        <test-method is-config="true" signature="quitBrowser()[pri:0, instance:com.bikes.testCases.BikeDetailsTest@11c9af63]" started-at="2021-06-07T09:13:49 IST" name="quitBrowser" finished-at="2021-06-07T09:13:49 IST" duration-ms="375" status="PASS">
          <reporter-output>
          </reporter-output>
        </test-method> <!-- quitBrowser -->
      </class> <!-- com.bikes.testCases.BikeDetailsTest -->
    </test> <!-- BikeDetailsTest -->
    <test started-at="2021-06-07T09:13:49 IST" name="LoginTest" finished-at="2021-06-07T09:15:04 IST" duration-ms="74659">
      <class name="com.bikes.testCases.LoginTest">
        <test-method signature="clickLogin2()[pri:1, instance:com.bikes.testCases.LoginTest@5ace1ed4]" started-at="2021-06-07T09:13:49 IST" name="clickLogin2" finished-at="2021-06-07T09:15:04 IST" duration-ms="74656" status="PASS">
          <reporter-output>
          </reporter-output>
        </test-method> <!-- clickLogin2 -->
      </class> <!-- com.bikes.testCases.LoginTest -->
    </test> <!-- LoginTest -->
    <test started-at="2021-06-07T09:15:04 IST" name="UsedCarsTest" finished-at="2021-06-07T09:16:07 IST" duration-ms="62600">
      <class name="com.bikes.testCases.UsedCarsTest">
        <test-method signature="selectChennai()[pri:6, instance:com.bikes.testCases.UsedCarsTest@306f16f3]" started-at="2021-06-07T09:15:04 IST" name="selectChennai" finished-at="2021-06-07T09:16:06 IST" duration-ms="62494" status="FAIL">
          <exception class="java.lang.AssertionError">
            <message>
              <![CDATA[null]]>
            </message>
            <full-stacktrace>
              <![CDATA[java.lang.AssertionError: null
at org.testng.Assert.fail(Assert.java:99)
at org.testng.Assert.fail(Assert.java:106)
at com.bikes.baseClass.TestBase.reportFail(TestBase.java:202)
at com.bikes.pages.HondaDetailsPages.selectChennai(HondaDetailsPages.java:115)
at com.bikes.testCases.UsedCarsTest.selectChennai(UsedCarsTest.java:30)
at java.base/jdk.internal.reflect.NativeMethodAccessorImpl.invoke0(Native Method)
at java.base/jdk.internal.reflect.NativeMethodAccessorImpl.invoke(NativeMethodAccessorImpl.java:64)
at java.base/jdk.internal.reflect.DelegatingMethodAccessorImpl.invoke(DelegatingMethodAccessorImpl.java:43)
at java.base/java.lang.reflect.Method.invoke(Method.java:564)
at org.testng.internal.MethodInvocationHelper.invokeMethod(MethodInvocationHelper.java:133)
at org.testng.internal.TestInvoker.invokeMethod(TestInvoker.java:598)
at org.testng.internal.TestInvoker.invokeTestMethod(TestInvoker.java:173)
at org.testng.internal.MethodRunner.runInSequence(MethodRunner.java:46)
at org.testng.internal.TestInvoker$MethodInvocationAgent.invoke(TestInvoker.java:824)
at org.testng.internal.TestInvoker.invokeTestMethods(TestInvoker.java:146)
at org.testng.internal.TestMethodWorker.invokeTestMethods(TestMethodWorker.java:146)
at org.testng.internal.TestMethodWorker.run(TestMethodWorker.java:128)
at java.base/java.util.ArrayList.forEach(ArrayList.java:1511)
at org.testng.TestRunner.privateRun(TestRunner.java:794)
at org.testng.TestRunner.run(TestRunner.java:596)
at org.testng.SuiteRunner.runTest(SuiteRunner.java:377)
at org.testng.SuiteRunner.runSequentially(SuiteRunner.java:371)
at org.testng.SuiteRunner.privateRun(SuiteRunner.java:332)
at org.testng.SuiteRunner.run(SuiteRunner.java:276)
at org.testng.SuiteRunnerWorker.runSuite(SuiteRunnerWorker.java:53)
at org.testng.SuiteRunnerWorker.run(SuiteRunnerWorker.java:96)
at org.testng.TestNG.runSuitesSequentially(TestNG.java:1212)
at org.testng.TestNG.runSuitesLocally(TestNG.java:1134)
at org.testng.TestNG.runSuites(TestNG.java:1063)
at org.testng.TestNG.run(TestNG.java:1031)
at org.testng.remote.AbstractRemoteTestNG.run(AbstractRemoteTestNG.java:115)
at org.testng.remote.RemoteTestNG.initAndRun(RemoteTestNG.java:251)
at org.testng.remote.RemoteTestNG.main(RemoteTestNG.java:77)
]]>
            </full-stacktrace>
          </exception> <!-- java.lang.AssertionError -->
          <reporter-output>
          </reporter-output>
        </test-method> <!-- selectChennai -->
        <test-method signature="getPopularModels()[pri:0, instance:com.bikes.testCases.UsedCarsTest@306f16f3]" started-at="2021-06-07T09:16:06 IST" name="getPopularModels" finished-at="2021-06-07T09:16:06 IST" depends-on-methods="com.bikes.testCases.UsedCarsTest.selectChennai" duration-ms="0" status="SKIP">
          <exception class="java.lang.Throwable">
            <message>
              <![CDATA[Method UsedCarsTest.getPopularModels()[pri:0, instance:com.bikes.testCases.UsedCarsTest@306f16f3] depends on not successfully finished methods]]>
            </message>
            <full-stacktrace>
              <![CDATA[java.lang.Throwable: Method UsedCarsTest.getPopularModels()[pri:0, instance:com.bikes.testCases.UsedCarsTest@306f16f3] depends on not successfully finished methods
at org.testng.internal.TestInvoker.invokeTestMethods(TestInvoker.java:102)
at org.testng.internal.TestMethodWorker.invokeTestMethods(TestMethodWorker.java:146)
at org.testng.internal.TestMethodWorker.run(TestMethodWorker.java:128)
at java.base/java.util.ArrayList.forEach(ArrayList.java:1511)
at org.testng.TestRunner.privateRun(TestRunner.java:794)
at org.testng.TestRunner.run(TestRunner.java:596)
at org.testng.SuiteRunner.runTest(SuiteRunner.java:377)
at org.testng.SuiteRunner.runSequentially(SuiteRunner.java:371)
at org.testng.SuiteRunner.privateRun(SuiteRunner.java:332)
at org.testng.SuiteRunner.run(SuiteRunner.java:276)
at org.testng.SuiteRunnerWorker.runSuite(SuiteRunnerWorker.java:53)
at org.testng.SuiteRunnerWorker.run(SuiteRunnerWorker.java:96)
at org.testng.TestNG.runSuitesSequentially(TestNG.java:1212)
at org.testng.TestNG.runSuitesLocally(TestNG.java:1134)
at org.testng.TestNG.runSuites(TestNG.java:1063)
at org.testng.TestNG.run(TestNG.java:1031)
at org.testng.remote.AbstractRemoteTestNG.run(AbstractRemoteTestNG.java:115)
at org.testng.remote.RemoteTestNG.initAndRun(RemoteTestNG.java:251)
at org.testng.remote.RemoteTestNG.main(RemoteTestNG.java:77)
]]>
            </full-stacktrace>
          </exception> <!-- java.lang.Throwable -->
          <reporter-output>
          </reporter-output>
        </test-method> <!-- getPopularModels -->
        <test-method signature="verifyChennai()[pri:0, instance:com.bikes.testCases.UsedCarsTest@306f16f3]" started-at="2021-06-07T09:16:06 IST" name="verifyChennai" finished-at="2021-06-07T09:16:06 IST" depends-on-methods="com.bikes.testCases.UsedCarsTest.getPopularModels" duration-ms="0" status="SKIP">
          <exception class="java.lang.Throwable">
            <message>
              <![CDATA[Method UsedCarsTest.verifyChennai()[pri:0, instance:com.bikes.testCases.UsedCarsTest@306f16f3] depends on not successfully finished methods]]>
            </message>
            <full-stacktrace>
              <![CDATA[java.lang.Throwable: Method UsedCarsTest.verifyChennai()[pri:0, instance:com.bikes.testCases.UsedCarsTest@306f16f3] depends on not successfully finished methods
at org.testng.internal.TestInvoker.invokeTestMethods(TestInvoker.java:102)
at org.testng.internal.TestMethodWorker.invokeTestMethods(TestMethodWorker.java:146)
at org.testng.internal.TestMethodWorker.run(TestMethodWorker.java:128)
at java.base/java.util.ArrayList.forEach(ArrayList.java:1511)
at org.testng.TestRunner.privateRun(TestRunner.java:794)
at org.testng.TestRunner.run(TestRunner.java:596)
at org.testng.SuiteRunner.runTest(SuiteRunner.java:377)
at org.testng.SuiteRunner.runSequentially(SuiteRunner.java:371)
at org.testng.SuiteRunner.privateRun(SuiteRunner.java:332)
at org.testng.SuiteRunner.run(SuiteRunner.java:276)
at org.testng.SuiteRunnerWorker.runSuite(SuiteRunnerWorker.java:53)
at org.testng.SuiteRunnerWorker.run(SuiteRunnerWorker.java:96)
at org.testng.TestNG.runSuitesSequentially(TestNG.java:1212)
at org.testng.TestNG.runSuitesLocally(TestNG.java:1134)
at org.testng.TestNG.runSuites(TestNG.java:1063)
at org.testng.TestNG.run(TestNG.java:1031)
at org.testng.remote.AbstractRemoteTestNG.run(AbstractRemoteTestNG.java:115)
at org.testng.remote.RemoteTestNG.initAndRun(RemoteTestNG.java:251)
at org.testng.remote.RemoteTestNG.main(RemoteTestNG.java:77)
]]>
            </full-stacktrace>
          </exception> <!-- java.lang.Throwable -->
          <reporter-output>
          </reporter-output>
        </test-method> <!-- verifyChennai -->
        <test-method is-config="true" signature="browserQuit()[pri:0, instance:com.bikes.testCases.UsedCarsTest@306f16f3]" started-at="2021-06-07T09:16:06 IST" name="browserQuit" finished-at="2021-06-07T09:16:07 IST" duration-ms="98" status="PASS">
          <reporter-output>
          </reporter-output>
        </test-method> <!-- browserQuit -->
      </class> <!-- com.bikes.testCases.UsedCarsTest -->
    </test> <!-- UsedCarsTest -->
  </suite> <!-- ZigWheelsTestSuite -->
</testng-results>
